Using pre-set license
Built from '2021.3/staging' branch; Version is '2021.3.11f1 (0a5ca18544bf) revision 679073'; Using compiler version '192829333'; Build Type 'Release'
OS: 'Windows 11  (10.0.22621) 64bit Core' Language: 'fr' Physical Memory: 15610 MB
BatchMode: 1, IsHumanControllingUs: 0, StartBugReporterOnCrash: 0, Is64bit: 1, IsPro: 1

COMMAND LINE ARGUMENTS:
C:\Program Files\Unity\Hub\Editor\2021.3.11f1\Editor\Unity.exe
-adb2
-batchMode
-noUpm
-name
AssetImportWorker0
-projectPath
C:/Users/Estoult/Documents/HCI Canada/QuestHandTracking
-logFile
Logs/AssetImportWorker0.log
-srvPort
53822
Successfully changed project path to: C:/Users/Estoult/Documents/HCI Canada/QuestHandTracking
C:/Users/Estoult/Documents/HCI Canada/QuestHandTracking
[UnityMemory] Configuration Parameters - Can be set up in boot.config
    "memorysetup-bucket-allocator-granularity=16"
    "memorysetup-bucket-allocator-bucket-count=8"
    "memorysetup-bucket-allocator-block-size=33554432"
    "memorysetup-bucket-allocator-block-count=8"
    "memorysetup-main-allocator-block-size=16777216"
    "memorysetup-thread-allocator-block-size=16777216"
    "memorysetup-gfx-main-allocator-block-size=16777216"
    "memorysetup-gfx-thread-allocator-block-size=16777216"
    "memorysetup-cache-allocator-block-size=4194304"
    "memorysetup-typetree-allocator-block-size=2097152"
    "memorysetup-profiler-bucket-allocator-granularity=16"
    "memorysetup-profiler-bucket-allocator-bucket-count=8"
    "memorysetup-profiler-bucket-allocator-block-size=33554432"
    "memorysetup-profiler-bucket-allocator-block-count=8"
    "memorysetup-profiler-allocator-block-size=16777216"
    "memorysetup-profiler-editor-allocator-block-size=1048576"
    "memorysetup-temp-allocator-size-main=16777216"
    "memorysetup-job-temp-allocator-block-size=2097152"
    "memorysetup-job-temp-allocator-block-size-background=1048576"
    "memorysetup-job-temp-allocator-reduction-small-platforms=262144"
    "memorysetup-temp-allocator-size-background-worker=32768"
    "memorysetup-temp-allocator-size-job-worker=262144"
    "memorysetup-temp-allocator-size-preload-manager=33554432"
    "memorysetup-temp-allocator-size-nav-mesh-worker=65536"
    "memorysetup-temp-allocator-size-audio-worker=65536"
    "memorysetup-temp-allocator-size-cloud-worker=32768"
    "memorysetup-temp-allocator-size-gi-baking-worker=262144"
    "memorysetup-temp-allocator-size-gfx=262144"
Refreshing native plugins compatible for Editor in 175.03 ms, found 8 plugins.
Preloading 1 native plugins for Editor in 0.85 ms.
Initialize engine version: 2021.3.11f1 (0a5ca18544bf)
[Subsystems] Discovering subsystems at path C:/Program Files/Unity/Hub/Editor/2021.3.11f1/Editor/Data/Resources/UnitySubsystems
[Subsystems] Discovering subsystems at path C:/Users/Estoult/Documents/HCI Canada/QuestHandTracking/Assets
GfxDevice: creating device client; threaded=0; jobified=0
Direct3D:
    Version:  Direct3D 11.0 [level 11.1]
    Renderer: NVIDIA GeForce RTX 3070 Ti Laptop GPU (ID=0x24a0)
    Vendor:   NVIDIA
    VRAM:     8032 MB
    Driver:   31.0.15.3179
Shader 'Oculus/OVRMRCameraFrameLit': fallback shader 'Alpha-Diffuse' not found
Initialize mono
Mono path[0] = 'C:/Program Files/Unity/Hub/Editor/2021.3.11f1/Editor/Data/Managed'
Mono path[1] = 'C:/Program Files/Unity/Hub/Editor/2021.3.11f1/Editor/Data/MonoBleedingEdge/lib/mono/unityjit-win32'
Mono config path = 'C:/Program Files/Unity/Hub/Editor/2021.3.11f1/Editor/Data/MonoBleedingEdge/etc'
Using monoOptions --debugger-agent=transport=dt_socket,embedding=1,server=y,suspend=n,address=127.0.0.1:56724
Begin MonoManager ReloadAssembly
Registering precompiled unity dll's ...
Register platform support module: C:/Program Files/Unity/Hub/Editor/2021.3.11f1/Editor/Data/PlaybackEngines/AndroidPlayer/UnityEditor.Android.Extensions.dll
Register platform support module: C:/Program Files/Unity/Hub/Editor/2021.3.11f1/Editor/Data/PlaybackEngines/WindowsStandaloneSupport/UnityEditor.WindowsStandalone.Extensions.dll
Registered in 0.004775 seconds.
Native extension for WindowsStandalone target not found
Native extension for Android target not found
Refreshing native plugins compatible for Editor in 153.64 ms, found 8 plugins.
Preloading 1 native plugins for Editor in 0.21 ms.
Mono: successfully reloaded assembly
- Completed reload, in  0.883 seconds
Domain Reload Profiling:
	ReloadAssembly (883ms)
		BeginReloadAssembly (112ms)
			ExecutionOrderSort (0ms)
			DisableScriptedObjects (0ms)
			BackupInstance (0ms)
			ReleaseScriptingObjects (0ms)
			CreateAndSetChildDomain (1ms)
		EndReloadAssembly (637ms)
			LoadAssemblies (110ms)
			RebuildTransferFunctionScriptingTraits (0ms)
			SetupTypeCache (147ms)
			ReleaseScriptCaches (0ms)
			RebuildScriptCaches (29ms)
			SetupLoadedEditorAssemblies (394ms)
				LogAssemblyErrors (0ms)
				InitializePlatformSupportModulesInManaged (69ms)
				SetLoadedEditorAssemblies (2ms)
				RefreshPlugins (154ms)
				BeforeProcessingInitializeOnLoad (2ms)
				ProcessInitializeOnLoadAttributes (117ms)
				ProcessInitializeOnLoadMethodAttributes (50ms)
				AfterProcessingInitializeOnLoad (0ms)
				EditorAssembliesLoaded (0ms)
			ExecutionOrderSort2 (0ms)
			AwakeInstancesAfterBackupRestoration (0ms)
Platform modules already initialized, skipping
Registering precompiled user dll's ...
Registered in 0.009488 seconds.
Android Extension - Scanning For ADB Devices 793 ms
Begin MonoManager ReloadAssembly
Native extension for WindowsStandalone target not found
Native extension for Android target not found
Refreshing native plugins compatible for Editor in 2.70 ms, found 8 plugins.
Preloading 1 native plugins for Editor in 0.16 ms.
Package Manager log level set to [2]
[XR] OculusXRPlugin: registering subsystems
[XR] Unable to register display lifecyle provider: [1]
[XR] Oculus Input lifecycle provider registered.
[XR] Unable to register input lifecyle provider: [1]
[XR] OVRP version 1.85.0
Mono: successfully reloaded assembly
- Completed reload, in  1.645 seconds
Domain Reload Profiling:
	ReloadAssembly (1646ms)
		BeginReloadAssembly (155ms)
			ExecutionOrderSort (0ms)
			DisableScriptedObjects (8ms)
			BackupInstance (0ms)
			ReleaseScriptingObjects (0ms)
			CreateAndSetChildDomain (29ms)
		EndReloadAssembly (1356ms)
			LoadAssemblies (152ms)
			RebuildTransferFunctionScriptingTraits (0ms)
			SetupTypeCache (394ms)
			ReleaseScriptCaches (1ms)
			RebuildScriptCaches (120ms)
			SetupLoadedEditorAssemblies (635ms)
				LogAssemblyErrors (0ms)
				InitializePlatformSupportModulesInManaged (21ms)
				SetLoadedEditorAssemblies (1ms)
				RefreshPlugins (3ms)
				BeforeProcessingInitializeOnLoad (138ms)
				ProcessInitializeOnLoadAttributes (424ms)
				ProcessInitializeOnLoadMethodAttributes (41ms)
				AfterProcessingInitializeOnLoad (7ms)
				EditorAssembliesLoaded (0ms)
			ExecutionOrderSort2 (0ms)
			AwakeInstancesAfterBackupRestoration (8ms)
Platform modules already initialized, skipping
========================================================================
Worker process is ready to serve import requests
Shader 'Oculus/OVRMRCameraFrameLit': fallback shader 'Alpha-Diffuse' not found
Launched and connected shader compiler UnityShaderCompiler.exe after 0.07 seconds
Refreshing native plugins compatible for Editor in 2.18 ms, found 8 plugins.
Preloading 1 native plugins for Editor in 0.10 ms.
Unloading 5086 Unused Serialized files (Serialized files now loaded: 0)
Unloading 57 unused Assets / (191.4 KB). Loaded Objects now: 5522.
Memory consumption went from 181.8 MB to 181.6 MB.
Total: 5.513900 ms (FindLiveObjects: 0.522600 ms CreateObjectMapping: 0.354500 ms MarkObjects: 4.359600 ms  DeleteObjects: 0.251200 ms)

AssetImportParameters requested are different than current active one (requested -> active):
  custom:video-decoder-ogg-theora: a1e56fd34408186e4bbccfd4996cb3dc -> 
  custom:container-muxer-webm: aa71ff27fc2769a1b78a27578f13a17b -> 
  custom:container-demuxer-webm: 4f35f7cbe854078d1ac9338744f61a02 -> 
  custom:video-encoder-webm-vp8: eb34c28f22e8b96e1ab97ce403110664 -> 
  custom:video-codec-MediaFoundation-h265: 746d11721c4dcdbdad8f713fa42b33f4 -> 
  custom:audio-encoder-webm-vorbis: bf7c407c2cedff20999df2af8eb42d56 -> 
  custom:framework-win-MediaFoundation: 216162199b28c13a410421893ffa2e32 -> 
  custom:container-demuxer-ogg: 62fdf1f143b41e24485cea50d1cbac27 -> 
  custom:video-decoder-webm-vp8: 9c59270c3fd7afecdb556c50c9e8de78 -> 
  custom:audio-decoder-ogg-vorbis: bf7c407c2cedff20999df2af8eb42d56 -> 
========================================================================
Received Import Request.
  Time since last request: 312515.137652 seconds.
  path: Assets/XR/XRGeneralSettingsPerBuildTarget.asset
  artifactKey: Guid(cd8ce0cd1462c744c91ea999371af4fb) Importer(815301076,1909f56bfc062723c751e8b465ee728b)
Start importing Assets/XR/XRGeneralSettingsPerBuildTarget.asset using Guid(cd8ce0cd1462c744c91ea999371af4fb) Importer(815301076,1909f56bfc062723c751e8b465ee728b)  -> (artifact id: '2057189d6acf011f3dad0e7794a7cbff') in 0.108825 seconds 
========================================================================
Received Import Request.
  Time since last request: 0.000054 seconds.
  path: Assets/Oculus/Interaction/Samples/Audio/Prefabs/DistanceGrabHoverAudio.prefab
  artifactKey: Guid(13264d633d3544946b062a9df1e2e40f) Importer(815301076,1909f56bfc062723c751e8b465ee728b)
Start importing Assets/Oculus/Interaction/Samples/Audio/Prefabs/DistanceGrabHoverAudio.prefab using Guid(13264d633d3544946b062a9df1e2e40f) Importer(815301076,1909f56bfc062723c751e8b465ee728b)  -> (artifact id: '96b5a2f68532c27d416c0cd88b0cc9b1') in 0.037181 seconds 
========================================================================
Received Import Request.
  Time since last request: 0.000046 seconds.
  path: Assets/Oculus/Interaction/Samples/Textures/OCUIIconSet/OCUI_24_Outline_2x.png
  artifactKey: Guid(4f3b4a4ae58ad484e9fc92ab68a8ffef) Importer(815301076,1909f56bfc062723c751e8b465ee728b)
Start importing Assets/Oculus/Interaction/Samples/Textures/OCUIIconSet/OCUI_24_Outline_2x.png using Guid(4f3b4a4ae58ad484e9fc92ab68a8ffef) Importer(815301076,1909f56bfc062723c751e8b465ee728b)  -> (artifact id: '8495aca3623075b995c09b5266a28868') in 1.602549 seconds 
========================================================================
Received Import Request.
  Time since last request: 0.000040 seconds.
  path: Assets/Oculus/VR/Editor/OVRProjectSetup/Icons/ovr_icon_neutral.png
  artifactKey: Guid(b86d2628487bc0443833638cf94a2d8d) Importer(815301076,1909f56bfc062723c751e8b465ee728b)
Start importing Assets/Oculus/VR/Editor/OVRProjectSetup/Icons/ovr_icon_neutral.png using Guid(b86d2628487bc0443833638cf94a2d8d) Importer(815301076,1909f56bfc062723c751e8b465ee728b)  -> (artifact id: '9eb585f17549f8452e41ff89c2f331d7') in 0.021953 seconds 
========================================================================
Received Import Request.
  Time since last request: 0.000041 seconds.
  path: Assets/Oculus/VR/Editor/OVRProjectSetup/Icons/ovr_icon_category_warning.png
  artifactKey: Guid(f02eeecc6e9c02943ba538343bbe1a5b) Importer(815301076,1909f56bfc062723c751e8b465ee728b)
Start importing Assets/Oculus/VR/Editor/OVRProjectSetup/Icons/ovr_icon_category_warning.png using Guid(f02eeecc6e9c02943ba538343bbe1a5b) Importer(815301076,1909f56bfc062723c751e8b465ee728b)  -> (artifact id: '23a0b617482bc4f783602beb6740af3f') in 0.024837 seconds 
========================================================================
Received Import Request.
  Time since last request: 0.000032 seconds.
  path: Assets/Oculus/Interaction/OVRIntegration/Runtime/Prefabs/Legacy/InteractionRigOVR.prefab
  artifactKey: Guid(ffe3be6b11cb93446bff4c254b6d9148) Importer(815301076,1909f56bfc062723c751e8b465ee728b)
Start importing Assets/Oculus/Interaction/OVRIntegration/Runtime/Prefabs/Legacy/InteractionRigOVR.prefab using Guid(ffe3be6b11cb93446bff4c254b6d9148) Importer(815301076,1909f56bfc062723c751e8b465ee728b)  -> (artifact id: '2c768e3c23111e9cb2697ff90be915a0') in 0.024841 seconds 
========================================================================
Received Import Request.
  Time since last request: 0.000033 seconds.
  path: Assets/Oculus/VR/Editor/OVRProjectSetup/Icons/ovr_icon_documentation.png
  artifactKey: Guid(463c3731cee5cfc4483468905695f003) Importer(815301076,1909f56bfc062723c751e8b465ee728b)
Start importing Assets/Oculus/VR/Editor/OVRProjectSetup/Icons/ovr_icon_documentation.png using Guid(463c3731cee5cfc4483468905695f003) Importer(815301076,1909f56bfc062723c751e8b465ee728b)  -> (artifact id: '9eae891437b0a0b60973dde88b1c1544') in 0.025920 seconds 
========================================================================
Received Import Request.
  Time since last request: 0.000033 seconds.
  path: Assets/Oculus/VR/Editor/OVRProjectSetup/Icons/ovr_icon_warning.png
  artifactKey: Guid(ada9ebcdd54958743931f34f7469052a) Importer(815301076,1909f56bfc062723c751e8b465ee728b)
Start importing Assets/Oculus/VR/Editor/OVRProjectSetup/Icons/ovr_icon_warning.png using Guid(ada9ebcdd54958743931f34f7469052a) Importer(815301076,1909f56bfc062723c751e8b465ee728b)  -> (artifact id: 'ae361d0e63bf0d89bcb61cb3838814f6') in 0.023838 seconds 
========================================================================
Received Import Request.
  Time since last request: 0.000047 seconds.
  path: Assets/Oculus/Interaction/Samples/Prefabs/OVRIntegration/Legacy/InteractionRigOVR-FullSynthetic.prefab
  artifactKey: Guid(d93b7e04b48cd7b4fa849695dba2ce9c) Importer(815301076,1909f56bfc062723c751e8b465ee728b)
Start importing Assets/Oculus/Interaction/Samples/Prefabs/OVRIntegration/Legacy/InteractionRigOVR-FullSynthetic.prefab using Guid(d93b7e04b48cd7b4fa849695dba2ce9c) Importer(815301076,1909f56bfc062723c751e8b465ee728b)  -> (artifact id: '9fafb018c58c0c4726402e0204a569c7') in 0.507522 seconds 
========================================================================
Received Import Request.
  Time since last request: 0.000064 seconds.
  path: Assets/Oculus/VR/Editor/OVRProjectSetup/Icons/ovr_icon_bug.png
  artifactKey: Guid(a93157b322f420f45a1f778d8488c439) Importer(815301076,1909f56bfc062723c751e8b465ee728b)
Start importing Assets/Oculus/VR/Editor/OVRProjectSetup/Icons/ovr_icon_bug.png using Guid(a93157b322f420f45a1f778d8488c439) Importer(815301076,1909f56bfc062723c751e8b465ee728b)  -> (artifact id: '93471b67985ff4b3fb575ebf6c091c69') in 0.030583 seconds 
========================================================================
Received Import Request.
  Time since last request: 0.000066 seconds.
  path: Assets/Oculus/VR/Editor/OVRProjectSetup/Icons/ovr_icon_category_error.png
  artifactKey: Guid(23ed0d2bfc90b1d4f97cf416f2cd23a8) Importer(815301076,1909f56bfc062723c751e8b465ee728b)
Start importing Assets/Oculus/VR/Editor/OVRProjectSetup/Icons/ovr_icon_category_error.png using Guid(23ed0d2bfc90b1d4f97cf416f2cd23a8) Importer(815301076,1909f56bfc062723c751e8b465ee728b)  -> (artifact id: '2d594944417d4c779f7c13ba724ef4f6') in 0.029604 seconds 
========================================================================
Received Import Request.
  Time since last request: 0.000041 seconds.
  path: Assets/Oculus/VR/Editor/OVRProjectSetup/Icons/ovr_icon_category_neutral.png
  artifactKey: Guid(a5c6b8a6ed5d33749ac1f5783e1675f2) Importer(815301076,1909f56bfc062723c751e8b465ee728b)
Start importing Assets/Oculus/VR/Editor/OVRProjectSetup/Icons/ovr_icon_category_neutral.png using Guid(a5c6b8a6ed5d33749ac1f5783e1675f2) Importer(815301076,1909f56bfc062723c751e8b465ee728b)  -> (artifact id: '2cbe00cb8132fb69e546f170c48c7f31') in 0.025267 seconds 
========================================================================
Received Import Request.
  Time since last request: 0.000031 seconds.
  path: Assets/Oculus/VR/Editor/OVRProjectSetup/Icons/ovr_icon_error.png
  artifactKey: Guid(e4212f189ce27314d85dab2f7a791639) Importer(815301076,1909f56bfc062723c751e8b465ee728b)
Start importing Assets/Oculus/VR/Editor/OVRProjectSetup/Icons/ovr_icon_error.png using Guid(e4212f189ce27314d85dab2f7a791639) Importer(815301076,1909f56bfc062723c751e8b465ee728b)  -> (artifact id: 'f0b2bbb7850901a27e5e7859468a4259') in 0.019698 seconds 
========================================================================
Received Import Request.
  Time since last request: 0.000056 seconds.
  path: Assets/Oculus/VR/Editor/OVRProjectSetup/Icons/ovr_icon_success.png
  artifactKey: Guid(ace332c70150e584db1715bc6fa86ed2) Importer(815301076,1909f56bfc062723c751e8b465ee728b)
Start importing Assets/Oculus/VR/Editor/OVRProjectSetup/Icons/ovr_icon_success.png using Guid(ace332c70150e584db1715bc6fa86ed2) Importer(815301076,1909f56bfc062723c751e8b465ee728b)  -> (artifact id: 'c1ac72bdc31e713dc03c135a408e8076') in 0.022013 seconds 
========================================================================
Received Import Request.
  Time since last request: 0.000026 seconds.
  path: Assets/Oculus/Interaction/Samples/Objects/Props/HoverButtons.prefab
  artifactKey: Guid(4bf459842f45eb648a8e314fa01c55b6) Importer(815301076,1909f56bfc062723c751e8b465ee728b)
Start importing Assets/Oculus/Interaction/Samples/Objects/Props/HoverButtons.prefab using Guid(4bf459842f45eb648a8e314fa01c55b6) Importer(815301076,1909f56bfc062723c751e8b465ee728b)  -> (artifact id: '01593e388157afe2403c1380fdd42d81') in 0.221082 seconds 
========================================================================
Received Import Request.
  Time since last request: 0.000038 seconds.
  path: Assets/Oculus/Interaction/OVRIntegration/Runtime/Prefabs/HandGrab/GhostProvider.asset
  artifactKey: Guid(ba24f6f783d84ef4f8ff075364e1283c) Importer(815301076,1909f56bfc062723c751e8b465ee728b)
Start importing Assets/Oculus/Interaction/OVRIntegration/Runtime/Prefabs/HandGrab/GhostProvider.asset using Guid(ba24f6f783d84ef4f8ff075364e1283c) Importer(815301076,1909f56bfc062723c751e8b465ee728b)  -> (artifact id: 'bf65921787090e91f89383fdd602010a') in 0.022036 seconds 
========================================================================
Received Import Request.
  Time since last request: 0.000100 seconds.
  path: Assets/Oculus/Interaction/Samples/Textures/OCUIIconSet/OCUI_24_Filled_2x.png
  artifactKey: Guid(64f884351318b694f942625580e64a8b) Importer(815301076,1909f56bfc062723c751e8b465ee728b)
Start importing Assets/Oculus/Interaction/Samples/Textures/OCUIIconSet/OCUI_24_Filled_2x.png using Guid(64f884351318b694f942625580e64a8b) Importer(815301076,1909f56bfc062723c751e8b465ee728b)  -> (artifact id: '466436fc7b50f22a79154a413ab6bb3d') in 1.542805 seconds 
========================================================================
Received Import Request.
  Time since last request: 0.253991 seconds.
  path: Assets/Oculus/VR/Prefabs/OVRCameraRig.prefab
  artifactKey: Guid(126d619cf4daa52469682f85c1378b4a) Importer(815301076,1909f56bfc062723c751e8b465ee728b)
Start importing Assets/Oculus/VR/Prefabs/OVRCameraRig.prefab using Guid(126d619cf4daa52469682f85c1378b4a) Importer(815301076,1909f56bfc062723c751e8b465ee728b)  -> (artifact id: '29dd5edeef656d572cec0971677859d3') in 0.014717 seconds 
Editor requested this worker to shutdown with reason: Scaling down because of idle timeout
AssetImportWorker is now disconnected from the server
Process exiting
Exiting without the bug reporter. Application will terminate with return code 0